<?xml version="1.0" encoding="UTF-8"?>
<testsuite name="AccountServiceTest" tests="1" skipped="0" failures="0" errors="0" timestamp="2023-02-08T17:18:24" hostname="DESKTOP-TTC8LD3" time="6.25">
  <properties/>
  <testcase name="start" classname="AccountServiceTest" time="6.25"/>
  <system-out><![CDATA[?[1;31m
Start test 1?[0m
?[0;34m
?[0m?[0;34m  .   ____          _            __ _ _
?[0m?[0;34m /\\ / ___'_ __ _ _(_)_ __  __ _ \ \ \ \
?[0m?[0;34m( ( )\___ | '_ | '_| | '_ \/ _` | \ \ \ \
?[0m?[0;34m \\/  ___)| |_)| | | | | || (_| |  ) ) ) )
?[0m?[0;34m  '  |____| .__|_| |_|_| |_\__, | / / / /
?[0m?[0;34m =========|_|==============|___/=/_/_/_/
?[0m?[0;34m :: Spring Boot ::                (v2.7.6)
?[0m?[0;34m
?[0m?[0;34m2023-02-08 22:18:25.209  INFO 19928 --- [    Test worker] account.AccountServiceApplication        : Starting AccountServiceApplication using Java 17 on DESKTOP-TTC8LD3 with PID 19928 (started by zarak in C:\Users\zarak\IdeaProjects\Account Service\Account Service\task)
?[0m?[0;34m2023-02-08 22:18:25.212  INFO 19928 --- [    Test worker] account.AccountServiceApplication        : No active profile set, falling back to 1 default profile: "default"
?[0m?[0;34m2023-02-08 22:18:26.206  INFO 19928 --- [    Test worker] .s.d.r.c.RepositoryConfigurationDelegate : Bootstrapping Spring Data JPA repositories in DEFAULT mode.
?[0m?[0;34m2023-02-08 22:18:26.270  INFO 19928 --- [    Test worker] .s.d.r.c.RepositoryConfigurationDelegate : Finished Spring Data repository scanning in 55 ms. Found 4 JPA repository interfaces.
?[0m?[0;34m2023-02-08 22:18:26.841  INFO 19928 --- [    Test worker] o.s.b.w.embedded.tomcat.TomcatWebServer  : Tomcat initialized with port(s): 28852 (https)
?[0m?[0;34m2023-02-08 22:18:26.857  INFO 19928 --- [    Test worker] o.apache.catalina.core.StandardService   : Starting service [Tomcat]
?[0m?[0;34m2023-02-08 22:18:26.857  INFO 19928 --- [    Test worker] org.apache.catalina.core.StandardEngine  : Starting Servlet engine: [Apache Tomcat/9.0.69]
?[0m?[0;34m2023-02-08 22:18:26.977  INFO 19928 --- [    Test worker] o.a.c.c.C.[Tomcat].[localhost].[/]       : Initializing Spring embedded WebApplicationContext
?[0m?[0;34m2023-02-08 22:18:26.977  INFO 19928 --- [    Test worker] w.s.c.ServletWebServerApplicationContext : Root WebApplicationContext: initialization completed in 1724 ms
?[0m?[0;34m2023-02-08 22:18:27.097  INFO 19928 --- [    Test worker] com.zaxxer.hikari.HikariDataSource       : HikariPool-1 - Starting...
?[0m?[0;34m2023-02-08 22:18:27.349  INFO 19928 --- [    Test worker] com.zaxxer.hikari.HikariDataSource       : HikariPool-1 - Start completed.
?[0m?[0;34m2023-02-08 22:18:27.360  INFO 19928 --- [    Test worker] o.s.b.a.h2.H2ConsoleAutoConfiguration    : H2 console available at '/h2-console'. Database available at 'jdbc:h2:file:../service_db'
?[0m?[0;34m2023-02-08 22:18:27.539  INFO 19928 --- [    Test worker] o.hibernate.jpa.internal.util.LogHelper  : HHH000204: Processing PersistenceUnitInfo [name: default]
?[0m?[0;34m2023-02-08 22:18:27.619  INFO 19928 --- [    Test worker] org.hibernate.Version                    : HHH000412: Hibernate ORM core version 5.6.14.Final
?[0m?[0;34m2023-02-08 22:18:27.834  INFO 19928 --- [    Test worker] o.hibernate.annotations.common.Version   : HCANN000001: Hibernate Commons Annotations {5.1.2.Final}
?[0m?[0;34m2023-02-08 22:18:27.962  INFO 19928 --- [    Test worker] org.hibernate.dialect.Dialect            : HHH000400: Using dialect: org.hibernate.dialect.H2Dialect
?[0m?[0;34mHibernate: create table app_user (id bigint not null, email varchar(255) not null, failed_attempts integer not null, lastname varchar(255) not null, name varchar(255) not null, non_locked boolean not null, password varchar(255) not null, primary key (id))
?[0m?[0;34mHibernate: create table app_user_roles (users_id bigint not null, roles_id bigint not null, primary key (users_id, roles_id))
?[0m?[0;34mHibernate: create table log_entry (id bigint generated by default as identity, action varchar(255) not null, date date, object varchar(255), path varchar(255), subject varchar(255), primary key (id))
?[0m?[0;34mHibernate: create table payment (id bigint not null, employee varchar(255), period varchar(255), salary bigint not null check (salary>=0), primary key (id))
?[0m?[0;34mHibernate: create table role (id bigint generated by default as identity, authority varchar(255), primary key (id))
?[0m?[0;34mHibernate: alter table payment drop constraint if exists UKibcit9634j1r75yaouml3lo2p
?[0m?[0;34mHibernate: alter table payment add constraint UKibcit9634j1r75yaouml3lo2p unique (employee, period)
?[0m?[0;34mHibernate: alter table role drop constraint if exists UK_irsamgnera6angm0prq1kemt2
?[0m?[0;34mHibernate: alter table role add constraint UK_irsamgnera6angm0prq1kemt2 unique (authority)
?[0m?[0;34mHibernate: create sequence hibernate_sequence start with 1 increment by 1
?[0m?[0;34mHibernate: alter table app_user_roles add constraint FK23e7b5jyl3ql41rk3566gywdd foreign key (roles_id) references role
?[0m?[0;34mHibernate: alter table app_user_roles add constraint FKme8ah92oermfnxeajb320gb3l foreign key (users_id) references app_user
?[0m?[0;34m2023-02-08 22:18:28.718  INFO 19928 --- [    Test worker] o.h.e.t.j.p.i.JtaPlatformInitiator       : HHH000490: Using JtaPlatform implementation: [org.hibernate.engine.transaction.jta.platform.internal.NoJtaPlatform]
?[0m?[0;34m2023-02-08 22:18:28.725  INFO 19928 --- [    Test worker] j.LocalContainerEntityManagerFactoryBean : Initialized JPA EntityManagerFactory for persistence unit 'default'
?[0m?[0;34m2023-02-08 22:18:29.146  WARN 19928 --- [    Test worker] JpaBaseConfiguration$JpaWebConfiguration : spring.jpa.open-in-view is enabled by default. Therefore, database queries may be performed during view rendering. Explicitly configure spring.jpa.open-in-view to disable this warning
?[0m?[0;34mHibernate: insert into role (id, authority) values (default, ?)
?[0m?[0;34mHibernate: insert into role (id, authority) values (default, ?)
?[0m?[0;34mHibernate: insert into role (id, authority) values (default, ?)
?[0m?[0;34mHibernate: insert into role (id, authority) values (default, ?)
?[0m?[0;34m2023-02-08 22:18:29.500  INFO 19928 --- [    Test worker] o.s.s.web.DefaultSecurityFilterChain     : Will secure any request with [org.springframework.security.web.session.DisableEncodeUrlFilter@158cb50a, org.springframework.security.web.context.request.async.WebAsyncManagerIntegrationFilter@649a6d88, org.springframework.security.web.context.SecurityContextPersistenceFilter@189f3ccd, org.springframework.security.web.header.HeaderWriterFilter@2027d56f, org.springframework.security.web.authentication.logout.LogoutFilter@258291de, org.springframework.security.web.authentication.www.BasicAuthenticationFilter@643fed50, org.springframework.security.web.savedrequest.RequestCacheAwareFilter@82382d1, org.springframework.security.web.servletapi.SecurityContextHolderAwareRequestFilter@4f9e9c21, org.springframework.security.web.authentication.AnonymousAuthenticationFilter@69e23e94, org.springframework.security.web.session.SessionManagementFilter@2a738d47, org.springframework.security.web.access.ExceptionTranslationFilter@240e61, org.springframework.security.web.access.intercept.FilterSecurityInterceptor@10264cb0]
?[0m?[0;34m2023-02-08 22:18:29.980  INFO 19928 --- [    Test worker] o.s.b.a.e.web.EndpointLinksResolver      : Exposing 14 endpoint(s) beneath base path '/actuator'
?[0m?[0;34m2023-02-08 22:18:30.514  INFO 19928 --- [    Test worker] o.s.b.w.embedded.tomcat.TomcatWebServer  : Tomcat started on port(s): 28852 (https) with context path ''
?[0m?[0;34m2023-02-08 22:18:30.525  INFO 19928 --- [    Test worker] account.AccountServiceApplication        : Started AccountServiceApplication in 5.661 seconds (JVM running for 6.423)
?[0m?[0;34mCN=accountant_service, OU=CMD, O=SBPBSC, L=Karachi, ST=Sindh, C=PK SHA256withRSA
?[0m]]></system-out>
  <system-err><![CDATA[]]></system-err>
</testsuite>
